C51 COMPILER V9.60.0.0   ASSERT                                                            09/15/2022 21:04:24 PAGE 1   


C51 COMPILER V9.60.0.0, COMPILATION OF MODULE ASSERT
OBJECT MODULE PLACED IN .\lib\efm8_assert\assert.OBJ
COMPILER INVOKED BY: C:\SiliconLabs\SimplicityStudio\v5\developer\toolchains\keil_8051\9.60\BIN\C51.exe C:\SiliconLabs\S
                    -implicityStudio\v5\developer\sdks\8051\v4.2.3\Lib\efm8_assert\assert.c OMF2 SMALL DEBUG OBJECTEXTEND ROM(LARGE) WARNINGL
                    -EVEL(2) FLOATFUZZY(3) OPTIMIZE(9,SPEED) DEFINE(NDEBUG=1) INTVECTOR(0X0000) INTPROMOTE INCDIR(C:\Users\Mitch\SimplicitySt
                    -udio\v5_workspace\HOJA-USB-EFM8UB1\inc;C:\Users\Mitch\SimplicityStudio\v5_workspace\HOJA-USB-EFM8UB1\inc\config;C:/Silic
                    -onLabs/SimplicityStudio/v5/developer/sdks/8051/v4.2.3//Lib/efm8_assert;C:/SiliconLabs/SimplicityStudio/v5/developer/sdks
                    -/8051/v4.2.3//Lib/efm8_usb/inc;C:/SiliconLabs/SimplicityStudio/v5/developer/sdks/8051/v4.2.3//Device/EFM8UB1/peripheral_
                    -driver/inc;C:/SiliconLabs/SimplicityStudio/v5/developer/sdks/8051/v4.2.3//Lib/efm8_usbc/lib_kernel/inc;C:/SiliconLabs/Si
                    -mplicityStudio/v5/developer/sdks/8051/v4.2.3//Lib/efm8_usbc/lib_usbc_pd/inc;C:/SiliconLabs/SimplicityStudio/v5/developer
                    -/sdks/8051/v4.2.3//Device/shared/si8051Base;C:/SiliconLabs/SimplicityStudio/v5/developer/sdks/8051/v4.2.3//Device/EFM8UB
                    -1/inc) REGFILE(HOJA-USB-EFM8UB1.ORC) PRINT(.\lib\efm8_assert\assert.lst) COND PAGEWIDTH(120) PAGELENGTH(65) OA OBJECT(.\
                    -lib\efm8_assert\assert.OBJ)

line level    source

   1          /**************************************************************************//**
   2           * Copyright (c) 2015 by Silicon Laboratories Inc. All rights reserved.
   3           *
   4           * http://developer.silabs.com/legal/version/v11/Silicon_Labs_Software_License_Agreement.txt
   5           *****************************************************************************/
   6             
   7          #ifndef NDEBUG
              void slab_Assert()
              {
                while ( 1 );
              }
              #endif


MODULE INFORMATION:   STATIC OVERLAYABLE
   CODE SIZE        =   ----    ----
   CONSTANT SIZE    =   ----    ----
   XDATA SIZE       =   ----    ----
   PDATA SIZE       =   ----    ----
   DATA SIZE        =   ----    ----
   IDATA SIZE       =   ----    ----
   BIT SIZE         =   ----    ----
   EDATA SIZE       =   ----    ----
   HDATA SIZE       =   ----    ----
   XDATA CONST SIZE =   ----    ----
   FAR CONST SIZE   =   ----    ----
END OF MODULE INFORMATION.


C51 COMPILATION COMPLETE.  0 WARNING(S),  0 ERROR(S)
