C51 COMPILER V9.60.0.0   DESCRIPTORS                                                       01/12/2023 16:52:33 PAGE 1   


C51 COMPILER V9.60.0.0, COMPILATION OF MODULE DESCRIPTORS
OBJECT MODULE PLACED IN .\src\descriptors.OBJ
COMPILER INVOKED BY: C:\SiliconLabs\SimplicityStudio\v5\developer\toolchains\keil_8051\9.60\BIN\C51.exe C:\Users\Mitch\S
                    -implicityStudio\v5_workspace\HOJA-USB-EFM8UB1\src\descriptors.c OMF2 LARGE ROM(LARGE) WARNINGLEVEL(2) FLOATFUZZY(3) OPTI
                    -MIZE(9,SIZE) DEFINE(NDEBUG=1) INTVECTOR(0X0000) INTPROMOTE INCDIR(C:\Users\Mitch\SimplicityStudio\v5_workspace\HOJA-USB-
                    -EFM8UB1\inc;C:\Users\Mitch\SimplicityStudio\v5_workspace\HOJA-USB-EFM8UB1\inc\config;C:/SiliconLabs/SimplicityStudio/v5/
                    -developer/sdks/8051/v4.2.4//Lib/efm8_assert;C:/SiliconLabs/SimplicityStudio/v5/developer/sdks/8051/v4.2.4//Lib/efm8_usb/
                    -inc;C:/SiliconLabs/SimplicityStudio/v5/developer/sdks/8051/v4.2.4//Device/EFM8UB1/peripheral_driver/inc;C:/SiliconLabs/S
                    -implicityStudio/v5/developer/sdks/8051/v4.2.4//Lib/efm8_usbc/lib_kernel/inc;C:/SiliconLabs/SimplicityStudio/v5/developer
                    -/sdks/8051/v4.2.4//Lib/efm8_usbc/lib_usbc_pd/inc;C:/SiliconLabs/SimplicityStudio/v5/developer/sdks/8051/v4.2.4//Device/s
                    -hared/si8051Base;C:/SiliconLabs/SimplicityStudio/v5/developer/sdks/8051/v4.2.4//Device/EFM8UB1/inc) REGFILE(HOJA-USB-EFM
                    -8UB1.ORC) PRINT(.\src\descriptors.lst) COND PAGEWIDTH(120) PAGELENGTH(65) OA OBJECT(.\src\descriptors.OBJ)

line level    source

   1          /*
   2           * descriptors.c
   3           *
   4           *  Created on: Sep 12, 2022
   5           *      Author: Mitch
   6           */
   7          
   8          #include "descriptors.h"
*** WARNING C318 IN LINE 11 OF C:/SiliconLabs/SimplicityStudio/v5/developer/sdks/8051/v4.2.4//Device/EFM8UB1/peripheral_
             -driver/inc\smb_0.h: can't open file 'efm8_config.h'


MODULE INFORMATION:   STATIC OVERLAYABLE
   CODE SIZE        =   ----    ----
   CONSTANT SIZE    =     29    ----
   XDATA SIZE       =   ----    ----
   PDATA SIZE       =   ----    ----
   DATA SIZE        =   ----    ----
   IDATA SIZE       =   ----    ----
   BIT SIZE         =   ----    ----
   EDATA SIZE       =   ----    ----
   HDATA SIZE       =   ----    ----
   XDATA CONST SIZE =   ----    ----
   FAR CONST SIZE   =   ----    ----
END OF MODULE INFORMATION.


C51 COMPILATION COMPLETE.  1 WARNING(S),  0 ERROR(S)
