C51 COMPILER V9.60.0.0   EFM8UB10F16G_B_QFN28_MAIN                                         02/05/2023 22:19:43 PAGE 1   


C51 COMPILER V9.60.0.0, COMPILATION OF MODULE EFM8UB10F16G_B_QFN28_MAIN
OBJECT MODULE PLACED IN .\src\EFM8UB10F16G-B-QFN28_main.OBJ
COMPILER INVOKED BY: C:\SiliconLabs\SimplicityStudio\v5\developer\toolchains\keil_8051\9.60\BIN\C51.exe C:\Users\Mitch\S
                    -implicityStudio\v5_workspace\HOJA-USB-EFM8UB1\src\EFM8UB10F16G-B-QFN28_main.c OMF2 LARGE ROM(LARGE) WARNINGLEVEL(2) FLOA
                    -TFUZZY(3) OPTIMIZE(9,SIZE) DEFINE(NDEBUG=1) INTVECTOR(0X0000) INTPROMOTE INCDIR(C:\Users\Mitch\SimplicityStudio\v5_works
                    -pace\HOJA-USB-EFM8UB1\inc;C:\Users\Mitch\SimplicityStudio\v5_workspace\HOJA-USB-EFM8UB1\inc\config;C:/SiliconLabs/Simpli
                    -cityStudio/v5/developer/sdks/8051/v4.2.4//Lib/efm8_assert;C:/SiliconLabs/SimplicityStudio/v5/developer/sdks/8051/v4.2.4/
                    -/Lib/efm8_usb/inc;C:/SiliconLabs/SimplicityStudio/v5/developer/sdks/8051/v4.2.4//Device/EFM8UB1/peripheral_driver/inc;C:
                    -/SiliconLabs/SimplicityStudio/v5/developer/sdks/8051/v4.2.4//Lib/efm8_usbc/lib_kernel/inc;C:/SiliconLabs/SimplicityStudi
                    -o/v5/developer/sdks/8051/v4.2.4//Lib/efm8_usbc/lib_usbc_pd/inc;C:/SiliconLabs/SimplicityStudio/v5/developer/sdks/8051/v4
                    -.2.4//Device/shared/si8051Base;C:/SiliconLabs/SimplicityStudio/v5/developer/sdks/8051/v4.2.4//Device/EFM8UB1/inc) REGFIL
                    -E(HOJA-USB-EFM8UB1.ORC) PRINT(.\src\EFM8UB10F16G-B-QFN28_main.lst) COND PAGEWIDTH(120) PAGELENGTH(65) OA OBJECT(.\src\EF
                    -M8UB10F16G-B-QFN28_main.OBJ)

line level    source

   1          //=========================================================
   2          // src/EFM8UB10F16G-B-QFN28_main.c: generated by Hardware Configurator
   3          //
   4          // This file will be updated when saving a document.
   5          // leave the sections inside the "$[...]" comment tags alone
   6          // or they will be overwritten!!
   7          //=========================================================
   8          
   9          //-----------------------------------------------------------------------------
  10          // Includes
  11          //-----------------------------------------------------------------------------
  12          
  13          // $[Generated Includes]
  14          //#include "efm8_usb.h"
  15          // [Generated Includes]$
  16          
  17          #include "usb_includes.h"
*** WARNING C318 IN LINE 11 OF C:/SiliconLabs/SimplicityStudio/v5/developer/sdks/8051/v4.2.4//Device/EFM8UB1/peripheral_
             -driver/inc\smb_0.h: can't open file 'efm8_config.h'
  18          
  19          //-----------------------------------------------------------------------------
  20          // SiLabs_Startup() Routine
  21          // ----------------------------------------------------------------------------
  22          // This function is called immediately after reset, before the initialization
  23          // code is run in SILABS_STARTUP.A51 (which runs before main() ). This is a
  24          // useful place to disable the watchdog timer, which is enable by default
  25          // and may trigger before main() in some instances.
  26          //-----------------------------------------------------------------------------
  27          void
  28          SiLabs_Startup (void)
  29          {
  30   1        // $[SiLabs Startup]
  31   1        // [SiLabs Startup]$
  32   1      }
  33          
  34          //-----------------------------------------------------------------------------
  35          // main() Routine
  36          // ----------------------------------------------------------------------------
  37          int
  38          main (void)
  39          {
  40   1      
  41   1        // Call hardware initialization routine
  42   1        enter_DefaultMode_from_RESET ();
  43   1        gamepadStatus = GAMEPAD_STATUS_IDLE;
  44   1      
C51 COMPILER V9.60.0.0   EFM8UB10F16G_B_QFN28_MAIN                                         02/05/2023 22:19:43 PAGE 2   

  45   1        while (1)
  46   1          {
  47   2      // $[Generated Run-time code]
  48   2      // [Generated Run-time code]$
  49   2      
  50   2            IE_EA = 0;
  51   2            SFRPAGE = I2CSLAVE0_PAGE;
  52   2            I2C0CN0 &= ~I2C0CN0_BUSY__BMASK;    // Clear BUSY bit
  53   2            I2C0CN0 |= I2C0FCN0_RFLSH__FLUSH | I2C0FCN0_TFLSH__FLUSH;
  54   2            IE_EA = 1;
  55   2      
  56   2              while (!rx_complete);             // New I2C data received?
  57   2              gamepadCmd();
  58   2              rx_complete = false;
  59   2          }
  60   1      }


MODULE INFORMATION:   STATIC OVERLAYABLE
   CODE SIZE        =     36    ----
   CONSTANT SIZE    =     29    ----
   XDATA SIZE       =   ----    ----
   PDATA SIZE       =   ----    ----
   DATA SIZE        =   ----    ----
   IDATA SIZE       =   ----    ----
   BIT SIZE         =   ----    ----
   EDATA SIZE       =   ----    ----
   HDATA SIZE       =   ----    ----
   XDATA CONST SIZE =   ----    ----
   FAR CONST SIZE   =   ----    ----
END OF MODULE INFORMATION.


C51 COMPILATION COMPLETE.  1 WARNING(S),  0 ERROR(S)
