C51 COMPILER V9.60.0.0   INPUT_UTILS                                                       12/14/2022 01:42:55 PAGE 1   


C51 COMPILER V9.60.0.0, COMPILATION OF MODULE INPUT_UTILS
OBJECT MODULE PLACED IN .\src\input_utils.OBJ
COMPILER INVOKED BY: C:\SiliconLabs\SimplicityStudio\v5\developer\toolchains\keil_8051\9.60\BIN\C51.exe C:\Users\Mitch\S
                    -implicityStudio\v5_workspace\HOJA-USB-EFM8UB1\src\input_utils.c OMF2 LARGE ROM(LARGE) WARNINGLEVEL(2) FLOATFUZZY(3) OPTI
                    -MIZE(9,SIZE) DEFINE(NDEBUG=1) INTVECTOR(0X0000) INTPROMOTE INCDIR(C:\Users\Mitch\SimplicityStudio\v5_workspace\HOJA-USB-
                    -EFM8UB1\inc;C:\Users\Mitch\SimplicityStudio\v5_workspace\HOJA-USB-EFM8UB1\inc\config;C:/SiliconLabs/SimplicityStudio/v5/
                    -developer/sdks/8051/v4.2.4//Lib/efm8_assert;C:/SiliconLabs/SimplicityStudio/v5/developer/sdks/8051/v4.2.4//Lib/efm8_usb/
                    -inc;C:/SiliconLabs/SimplicityStudio/v5/developer/sdks/8051/v4.2.4//Device/EFM8UB1/peripheral_driver/inc;C:/SiliconLabs/S
                    -implicityStudio/v5/developer/sdks/8051/v4.2.4//Lib/efm8_usbc/lib_kernel/inc;C:/SiliconLabs/SimplicityStudio/v5/developer
                    -/sdks/8051/v4.2.4//Lib/efm8_usbc/lib_usbc_pd/inc;C:/SiliconLabs/SimplicityStudio/v5/developer/sdks/8051/v4.2.4//Device/s
                    -hared/si8051Base;C:/SiliconLabs/SimplicityStudio/v5/developer/sdks/8051/v4.2.4//Device/EFM8UB1/inc) REGFILE(HOJA-USB-EFM
                    -8UB1.ORC) PRINT(.\src\input_utils.lst) COND PAGEWIDTH(120) PAGELENGTH(65) OA OBJECT(.\src\input_utils.OBJ)

line level    source

   1          /*
   2           * input_utils.c
   3           *
   4           *  Created on: Dec 13, 2022
   5           *      Author: Mitch
   6           */
   7          
   8          #include "input_utils.h"
*** WARNING C318 IN LINE 11 OF C:/SiliconLabs/SimplicityStudio/v5/developer/sdks/8051/v4.2.4//Device/EFM8UB1/peripheral_
             -driver/inc\smb_0.h: can't open file 'efm8_config.h'
   9          
  10          uint8_t getHatDir(Input_Hat_Type type, uint8_t leftRight, uint8_t upDown)
  11          {
  12   1        uint8_t ret = 0x00;
  13   1        switch(type)
  14   1        {
  15   2            default:
  16   2            case DPAD_TYPE_DINPUT:
  17   2              ret = HAT_CENTER;
  18   2              if (leftRight == 2)
  19   2              {
  20   3                ret = HAT_RIGHT;
  21   3                if (upDown == 2)
  22   3                {
  23   4                  ret = HAT_TOP_RIGHT;
  24   4                }
  25   3                else if (upDown == 0)
  26   3                {
  27   4                  ret = HAT_BOTTOM_RIGHT;
  28   4                }
  29   3              }
  30   2              else if (leftRight == 0)
  31   2              {
  32   3                ret = HAT_LEFT;
  33   3                if (upDown == 2)
  34   3                {
  35   4                  ret = HAT_TOP_LEFT;
  36   4                }
  37   3                else if (upDown == 0)
  38   3                {
  39   4                  ret = HAT_BOTTOM_LEFT;
  40   4                }
  41   3              }
  42   2      
  43   2              else if (upDown == 2)
  44   2              {
  45   3                ret = HAT_TOP;
C51 COMPILER V9.60.0.0   INPUT_UTILS                                                       12/14/2022 01:42:55 PAGE 2   

  46   3              }
  47   2              else if (upDown == 0)
  48   2              {
  49   3                ret = HAT_BOTTOM;
  50   3              }
  51   2              break;
  52   2      
  53   2            case DPAD_TYPE_XINPUT:
  54   2              ret = XI_HAT_CENTER;
  55   2              if (leftRight == 2)
  56   2              {
  57   3                ret = XI_HAT_RIGHT;
  58   3                if (upDown == 2)
  59   3                {
  60   4                  ret = XI_HAT_TOP_RIGHT;
  61   4                }
  62   3                else if (upDown == 0)
  63   3                {
  64   4                  ret = XI_HAT_BOTTOM_RIGHT;
  65   4                }
  66   3              }
  67   2              else if (leftRight == 0)
  68   2              {
  69   3                ret = XI_HAT_LEFT;
  70   3                if (upDown == 2)
  71   3                {
  72   4                  ret = XI_HAT_TOP_LEFT;
  73   4                }
  74   3                else if (upDown == 0)
  75   3                {
  76   4                  ret = XI_HAT_BOTTOM_LEFT;
  77   4                }
  78   3              }
  79   2      
  80   2              else if (upDown == 2)
  81   2              {
  82   3                ret = XI_HAT_TOP;
  83   3              }
  84   2              else if (upDown == 0)
  85   2              {
  86   3                ret = XI_HAT_BOTTOM;
  87   3              }
  88   2              break;
  89   2          }
  90   1          return ret;
  91   1      }
  92          


MODULE INFORMATION:   STATIC OVERLAYABLE
   CODE SIZE        =    229    ----
   CONSTANT SIZE    =     29    ----
   XDATA SIZE       =   ----    ----
   PDATA SIZE       =   ----    ----
   DATA SIZE        =   ----    ----
   IDATA SIZE       =   ----    ----
   BIT SIZE         =   ----    ----
   EDATA SIZE       =   ----    ----
   HDATA SIZE       =   ----    ----
   XDATA CONST SIZE =   ----    ----
   FAR CONST SIZE   =   ----    ----
END OF MODULE INFORMATION.


C51 COMPILATION COMPLETE.  1 WARNING(S),  0 ERROR(S)
