C51 COMPILER V9.60.0.0   NSPRO_DESC                                                        12/14/2022 01:42:55 PAGE 1   


C51 COMPILER V9.60.0.0, COMPILATION OF MODULE NSPRO_DESC
OBJECT MODULE PLACED IN .\src\nspro_desc.OBJ
COMPILER INVOKED BY: C:\SiliconLabs\SimplicityStudio\v5\developer\toolchains\keil_8051\9.60\BIN\C51.exe C:\Users\Mitch\S
                    -implicityStudio\v5_workspace\HOJA-USB-EFM8UB1\src\nspro_desc.c OMF2 LARGE ROM(LARGE) WARNINGLEVEL(2) FLOATFUZZY(3) OPTIM
                    -IZE(9,SIZE) DEFINE(NDEBUG=1) INTVECTOR(0X0000) INTPROMOTE INCDIR(C:\Users\Mitch\SimplicityStudio\v5_workspace\HOJA-USB-E
                    -FM8UB1\inc;C:\Users\Mitch\SimplicityStudio\v5_workspace\HOJA-USB-EFM8UB1\inc\config;C:/SiliconLabs/SimplicityStudio/v5/d
                    -eveloper/sdks/8051/v4.2.4//Lib/efm8_assert;C:/SiliconLabs/SimplicityStudio/v5/developer/sdks/8051/v4.2.4//Lib/efm8_usb/i
                    -nc;C:/SiliconLabs/SimplicityStudio/v5/developer/sdks/8051/v4.2.4//Device/EFM8UB1/peripheral_driver/inc;C:/SiliconLabs/Si
                    -mplicityStudio/v5/developer/sdks/8051/v4.2.4//Lib/efm8_usbc/lib_kernel/inc;C:/SiliconLabs/SimplicityStudio/v5/developer/
                    -sdks/8051/v4.2.4//Lib/efm8_usbc/lib_usbc_pd/inc;C:/SiliconLabs/SimplicityStudio/v5/developer/sdks/8051/v4.2.4//Device/sh
                    -ared/si8051Base;C:/SiliconLabs/SimplicityStudio/v5/developer/sdks/8051/v4.2.4//Device/EFM8UB1/inc) REGFILE(HOJA-USB-EFM8
                    -UB1.ORC) PRINT(.\src\nspro_desc.lst) COND PAGEWIDTH(120) PAGELENGTH(65) OA OBJECT(.\src\nspro_desc.OBJ)

line level    source

   1          /*
   2           * ns_descriptors.c
   3           *
   4           *  Created on: Sep 12, 2022
   5           *      Author: Mitch
   6           */
   7          
   8          #include "nspro_desc.h"
*** WARNING C318 IN LINE 11 OF C:/SiliconLabs/SimplicityStudio/v5/developer/sdks/8051/v4.2.4//Device/EFM8UB1/peripheral_
             -driver/inc\smb_0.h: can't open file 'efm8_config.h'
   9          
  10          UTF16LE_PACKED_STATIC_CONST_STRING_DESC( nspro_prod_descriptor[], NSPRO_PROD_STRING, NSPRO_PROD_SIZE);
  11          
  12          // HID Report Descriptor for Interface 0 Nintendo Switch
  13          extern SI_SEGMENT_VARIABLE(nspro_hid_descriptor[NSPRO_HID_SIZE],
  15                              const uint8_t,
  15                              SI_SEG_CODE) =
  16          {
  17              0x05, 0x01,        // Usage Page (Generic Desktop Ctrls)
  18              0x09, 0x05,        // Usage (Game Pad)
  19              0xA1, 0x01,        // Collection (Application)
  20              0x15, 0x00,        //   Logical Minimum (0)
  21              0x25, 0x01,        //   Logical Maximum (1)
  22              0x35, 0x00,        //   Physical Minimum (0)
  23              0x45, 0x01,        //   Physical Maximum (1)
  24              0x75, 0x01,        //   Report Size (1)
  25              0x95, 0x0E,        //   Report Count (14)
  26              0x05, 0x09,        //   Usage Page (Button)
  27              0x19, 0x01,        //   Usage Minimum (0x01)
  28              0x29, 0x0E,        //   Usage Maximum (0x0E)
  29              0x81, 0x02,        //   Input (Data,Var,Abs,No Wrap,Linear,Preferred State,No Null Position)
  30              0x95, 0x02,        //   Report Count (2)
  31              0x81, 0x01,        //   Input (Const,Array,Abs,No Wrap,Linear,Preferred State,No Null Position)
  32              0x05, 0x01,        //   Usage Page (Generic Desktop Ctrls)
  33              0x25, 0x07,        //   Logical Maximum (7)
  34              0x46, 0x3B, 0x01,  //   Physical Maximum (315)
  35              0x75, 0x04,        //   Report Size (4)
  36              0x95, 0x01,        //   Report Count (1)
  37              0x65, 0x14,        //   Unit (System: English Rotation, Length: Centimeter)
  38              0x09, 0x39,        //   Usage (Hat switch)
  39              0x81, 0x42,        //   Input (Data,Var,Abs,No Wrap,Linear,Preferred State,Null State)
  40              0x65, 0x00,        //   Unit (None)
  41              0x95, 0x01,        //   Report Count (1)
  42              0x81, 0x01,        //   Input (Const,Array,Abs,No Wrap,Linear,Preferred State,No Null Position)
  43              0x26, 0xFF, 0x00,  //   Logical Maximum (255)
  44              0x46, 0xFF, 0x00,  //   Physical Maximum (255)
  45              0x09, 0x30,        //   Usage (X)
C51 COMPILER V9.60.0.0   NSPRO_DESC                                                        12/14/2022 01:42:55 PAGE 2   

  46              0x09, 0x31,        //   Usage (Y)
  47              0x09, 0x32,        //   Usage (Z)
  48              0x09, 0x35,        //   Usage (Rz)
  49              0x75, 0x08,        //   Report Size (8)
  50              0x95, 0x04,        //   Report Count (4)
  51              0x81, 0x02,        //   Input (Data,Var,Abs,No Wrap,Linear,Preferred State,No Null Position)
  52              0x75, 0x08,        //   Report Size (8)
  53              0x95, 0x01,        //   Report Count (1)
  54              0x81, 0x01,        //   Input (Const,Array,Abs,No Wrap,Linear,Preferred State,No Null Position)
  55              0x05, 0x0C,        //   Usage Page (Consumer)
  56              0x09, 0x00,        //   Usage (Unassigned)
  57              0x15, 0x80,        //   Logical Minimum (-128)
  58              0x25, 0x7F,        //   Logical Maximum (127)
  59              0x75, 0x08,        //   Report Size (8)
  60              0x95, 0x40,        //   Report Count (64)
  61              0xB1, 0x02,        //   Feature (Data,Var,Abs,No Wrap,Linear,Preferred State,No Null Position,Non-vola
             -tile)
  62              0xC0,              // End Collection
  63          };
  64          
  65          // Nintendo Switch Device Description
  66          extern SI_SEGMENT_VARIABLE(nspro_device_descriptor[],
  68                              const USB_DeviceDescriptor_TypeDef,
  68                              SI_SEG_CODE) =
  69          {
  70            USB_DEVICE_DESCSIZE,             // bLength
  71            USB_DEVICE_DESCRIPTOR,           // bLength
  72            htole16(0x0110),                 // bcdUSB
  73            0,                               // bDeviceClass
  74            0,                               // bDeviceSubClass
  75            0,                               // bDeviceProtocol
  76            64,                              // bMaxPacketSize
  77            NSPRO_VENDOR_ID,                   // idVendor
  78            NSPRO_PROD_ID,                  // idProduct
  79            htole16(0x0100),                 // bcdDevice
  80            1,                               // iManufacturer
  81            2,                               // iProduct
  82            0,                               // iSerialNumber
  83            1,                               // bNumConfigurations
  84          };
  85          
  86          // Nintendo Switch Config Description
  87          extern SI_SEGMENT_VARIABLE(nspro_config_descriptor[],
  89                              const uint8_t,
  89                              SI_SEG_CODE) =
  90          {
  91            USB_CONFIG_DESCSIZE,             // bLength
  92            USB_CONFIG_DESCRIPTOR,           // bLength
  93            0x22,                            // wTotalLength(LSB)
  94            0x00,                            // wTotalLength(MSB)
  95            1,                               // bNumInterfaces
  96            1,                               // bConfigurationValue
  97            0,                               // iConfiguration
  98          
  99            CONFIG_DESC_BM_RESERVED_D7,     // bmAttrib: usb powered,
 100          
 101            CONFIG_DESC_MAXPOWER_mA(500),    // bMaxPower: 500 mA
 102          
 103            //Interface 0 Descriptor
 104            USB_INTERFACE_DESCSIZE,          // bLength
 105            USB_INTERFACE_DESCRIPTOR,        // bDescriptorType
 106            0,                               // bInterfaceNumber
 107            0,                               // bAlternateSetting
C51 COMPILER V9.60.0.0   NSPRO_DESC                                                        12/14/2022 01:42:55 PAGE 3   

 108            1,                               // bNumEndpoints
 109            3,                               // bInterfaceClass: HID (Human Interface Device)
 110            0,                               // bInterfaceSubClass
 111            0,                               // bInterfaceProtocol
 112            0,                               // iInterface
 113          
 114            //HID Descriptor
 115            USB_HID_DESCSIZE,                // bLength
 116            USB_HID_DESCRIPTOR,              // bLength
 117            0x11,                            // bcdHID (LSB)
 118            0x01,                            // bcdHID (MSB)
 119            0,                               // bCountryCode
 120            1,                               // bNumDescriptors
 121            USB_HID_REPORT_DESCRIPTOR,       // bDescriptorType
 122            sizeof( nspro_hid_descriptor ),     // wDescriptorLength(LSB)
 123            sizeof( nspro_hid_descriptor ) >> 8,    // wDescriptorLength(MSB)
 124          
 125            //Endpoint 1 IN Descriptor
 126            USB_ENDPOINT_DESCSIZE,           // bLength
 127            USB_ENDPOINT_DESCRIPTOR,         // bDescriptorType
 128            0x81,                            // bEndpointAddress
 129            USB_EPTYPE_INTR,                 // bAttrib
 130            0x40,                            // wMaxPacketSize (LSB)
 131            0x00,                            // wMaxPacketSize (MSB)
 132            0x02,                            // bInterval (2ms)
 133          };
 134          
 135          SI_SEGMENT_VARIABLE_SEGMENT_POINTER(nspro_UsbStringTable_USEnglish[], static const USB_StringDescriptor_Ty
             -peDef, SI_SEG_GENERIC, const SI_SEG_CODE) =
 136          {
 137            (SI_VARIABLE_SEGMENT_POINTER(, uint8_t, SI_SEG_CODE))global_lang_descriptor,
 138            global_mfr_descriptor,
 139            nspro_prod_descriptor,
 140            global_serial_descriptor
 141          };
 142          
 143          // Nintendo Switch initialization Struct
 144          extern SI_SEGMENT_VARIABLE(nspro_init_struct,
 146                              const USBD_Init_TypeDef,
 146                              SI_SEG_CODE) =
 147          {
 148            (SI_VARIABLE_SEGMENT_POINTER(, USB_DeviceDescriptor_TypeDef, SI_SEG_GENERIC))nspro_device_descriptor,   
             -           // deviceDescriptor
 149            (SI_VARIABLE_SEGMENT_POINTER(, USB_ConfigurationDescriptor_TypeDef, SI_SEG_GENERIC))nspro_config_descrip
             -tor,       // configDescriptor
 150            (SI_VARIABLE_SEGMENT_POINTER(, USB_StringTable_TypeDef, SI_SEG_GENERIC))nspro_UsbStringTable_USEnglish, 
             -  // stringDescriptors
 151            sizeof(nspro_UsbStringTable_USEnglish) / sizeof(nspro_UsbStringTable_USEnglish[0])                      
             -      // numberOfStrings
 152          };


MODULE INFORMATION:   STATIC OVERLAYABLE
   CODE SIZE        =   ----    ----
   CONSTANT SIZE    =    209    ----
   XDATA SIZE       =   ----    ----
   PDATA SIZE       =   ----    ----
   DATA SIZE        =   ----    ----
   IDATA SIZE       =   ----    ----
   BIT SIZE         =   ----    ----
   EDATA SIZE       =   ----    ----
   HDATA SIZE       =   ----    ----
   XDATA CONST SIZE =   ----    ----
C51 COMPILER V9.60.0.0   NSPRO_DESC                                                        12/14/2022 01:42:55 PAGE 4   

   FAR CONST SIZE   =   ----    ----
END OF MODULE INFORMATION.


C51 COMPILATION COMPLETE.  1 WARNING(S),  0 ERROR(S)
