C51 COMPILER V9.60.0.0   XINPUT_LEGACY_DESC                                                04/04/2023 23:29:27 PAGE 1   


C51 COMPILER V9.60.0.0, COMPILATION OF MODULE XINPUT_LEGACY_DESC
OBJECT MODULE PLACED IN .\src\xinput_legacy_desc.OBJ
COMPILER INVOKED BY: C:\SiliconLabs\SimplicityStudio\v5\developer\toolchains\keil_8051\9.60\BIN\C51.exe C:\Users\Mitch\S
                    -implicityStudio\v5_workspace\HOJA-USB-EFM8UB1\src\xinput_legacy_desc.c OMF2 LARGE ROM(LARGE) WARNINGLEVEL(2) FLOATFUZZY(
                    -3) OPTIMIZE(9,SIZE) DEFINE(NDEBUG=1) INTVECTOR(0X0000) INTPROMOTE INCDIR(C:\Users\Mitch\SimplicityStudio\v5_workspace\HO
                    -JA-USB-EFM8UB1\inc;C:\Users\Mitch\SimplicityStudio\v5_workspace\HOJA-USB-EFM8UB1\inc\config;C:/SiliconLabs/SimplicityStu
                    -dio/v5/developer/sdks/8051/v4.2.4//Lib/efm8_assert;C:/SiliconLabs/SimplicityStudio/v5/developer/sdks/8051/v4.2.4//Lib/ef
                    -m8_usb/inc;C:/SiliconLabs/SimplicityStudio/v5/developer/sdks/8051/v4.2.4//Device/EFM8UB1/peripheral_driver/inc;C:/Silico
                    -nLabs/SimplicityStudio/v5/developer/sdks/8051/v4.2.4//Lib/efm8_usbc/lib_kernel/inc;C:/SiliconLabs/SimplicityStudio/v5/de
                    -veloper/sdks/8051/v4.2.4//Lib/efm8_usbc/lib_usbc_pd/inc;C:/SiliconLabs/SimplicityStudio/v5/developer/sdks/8051/v4.2.4//D
                    -evice/shared/si8051Base;C:/SiliconLabs/SimplicityStudio/v5/developer/sdks/8051/v4.2.4//Device/EFM8UB1/inc) REGFILE(HOJA-
                    -USB-EFM8UB1.ORC) PRINT(.\src\xinput_legacy_desc.lst) COND PAGEWIDTH(120) PAGELENGTH(65) OA OBJECT(.\src\xinput_legacy_de
                    -sc.OBJ)

line level    source

   1          /*
   2           * xinput_desc.c
   3           *
   4           *  Created on: Dec 13, 2022
   5           *      Author: Mitch
   6           */
   7          
   8          
   9          #include "xinput_legacy_desc.h"
*** WARNING C318 IN LINE 11 OF C:/SiliconLabs/SimplicityStudio/v5/developer/sdks/8051/v4.2.4//Device/EFM8UB1/peripheral_
             -driver/inc\smb_0.h: can't open file 'efm8_config.h'
  10          
  11          UTF16LE_PACKED_STATIC_CONST_STRING_DESC( xinput_prod_descriptor[], XINPUT_PROD_STRING, XINPUT_PROD_SIZE);
  12          
  13          // Xinput Device Description
  14          extern SI_SEGMENT_VARIABLE(xinput_device_descriptor[],
  16                              const USB_DeviceDescriptor_TypeDef,
  16                              SI_SEG_CODE) =
  17          {
  18            USB_DEVICE_DESCSIZE,             // bLength
  19            USB_DEVICE_DESCRIPTOR,           // bLength
  20            htole16(0x0110),                 // bcdUSB
  21            0xFF,                            // bDeviceClass
  22            0xFF,                            // bDeviceSubClass
  23            0xFF,                            // bDeviceProtocol
  24            64,                              // bMaxPacketSize
  25            XINPUT_VENDOR_ID,                   // idVendor
  26            XINPUT_PROD_ID,                  // idProduct
  27            htole16(0x0572),                 // bcdDevice
  28            1,                               // iManufacturer
  29            2,                               // iProduct
  30            0,                               // iSerialNumber
  31            1,                               // bNumConfigurations
  32          };
  33          
  34          // Xinput Config Description
  35          extern SI_SEGMENT_VARIABLE(xinput_config_descriptor[],
  37                              const uint8_t,
  37                              SI_SEG_CODE) =
  38          {
  39              0x09,        // bLength
  40              0x02,        // bDescriptorType (Configuration)
  41              0x30, 0x00,  // wTotalLength 48
  42              0x01,        // bNumInterfaces 1
  43              0x01,        // bConfigurationValue
  44              0x00,        // iConfiguration (String Index)
C51 COMPILER V9.60.0.0   XINPUT_LEGACY_DESC                                                04/04/2023 23:29:27 PAGE 2   

  45              0x80,        // bmAttributes
  46              0xFA,        // bMaxPower 500mA
  47          
  48              0x09,        // bLength
  49              0x04,        // bDescriptorType (Interface)
  50              0x00,        // bInterfaceNumber 0
  51              0x00,        // bAlternateSetting
  52              0x02,        // bNumEndpoints 2
  53              0xFF,        // bInterfaceClass
  54              0x5D,        // bInterfaceSubClass
  55              0x01,        // bInterfaceProtocol
  56              0x00,        // iInterface (String Index)
  57          
  58              0x10,        // bLength
  59              0x21,        // bDescriptorType (HID)
  60              0x10, 0x01,  // bcdHID 1.10
  61              0x01,        // bCountryCode
  62              0x24,        // bNumDescriptors
  63              0x81,        // bDescriptorType[0] (Unknown 0x81)
  64              0x14, 0x03,  // wDescriptorLength[0] 788
  65              0x00,        // bDescriptorType[1] (Unknown 0x00)
  66              0x03, 0x13,  // wDescriptorLength[1] 4867
  67              0x02,        // bDescriptorType[2] (Unknown 0x02)
  68              0x00, 0x03,  // wDescriptorLength[2] 768
  69              0x00,        // bDescriptorType[3] (Unknown 0x00)
  70          
  71              0x07,        // bLength
  72              0x05,        // bDescriptorType (Endpoint)
  73              0x81,        // bEndpointAddress (IN/D2H)
  74              0x03,        // bmAttributes (Interrupt)
  75              0x20, 0x00,  // wMaxPacketSize 32
  76              0x01,        // bInterval 4 (unit depends on device speed)
  77          
  78              0x07,        // bLength
  79              0x05,        // bDescriptorType (Endpoint)
  80              0x02,        // bEndpointAddress (OUT/H2D)
  81              0x03,        // bmAttributes (Interrupt)
  82              0x20, 0x00,  // wMaxPacketSize 32
  83              0x08,        // bInterval 8 (unit depends on device speed)
  84          };
  85          
  86          SI_SEGMENT_VARIABLE_SEGMENT_POINTER(xinput_UsbStringTable_USEnglish[], static const USB_StringDescriptor_T
             -ypeDef, SI_SEG_GENERIC, const SI_SEG_CODE) =
  87          {
  88            (SI_VARIABLE_SEGMENT_POINTER(, uint8_t, SI_SEG_CODE))global_lang_descriptor,
  89            global_mfr_descriptor,
  90            xinput_prod_descriptor,
  91            global_serial_descriptor
  92          };
  93          
  94          // xinput initialization Struct
  95          extern SI_SEGMENT_VARIABLE(xinput_init_struct,
  97                              const USBD_Init_TypeDef,
  97                              SI_SEG_CODE) =
  98          {
  99            (SI_VARIABLE_SEGMENT_POINTER(, USB_DeviceDescriptor_TypeDef, SI_SEG_GENERIC))xinput_device_descriptor,  
             -            // deviceDescriptor
 100            (SI_VARIABLE_SEGMENT_POINTER(, USB_ConfigurationDescriptor_TypeDef, SI_SEG_GENERIC))xinput_config_descri
             -ptor,       // configDescriptor
 101            (SI_VARIABLE_SEGMENT_POINTER(, USB_StringTable_TypeDef, SI_SEG_GENERIC))xinput_UsbStringTable_USEnglish,
             -   // stringDescriptors
 102            sizeof(xinput_UsbStringTable_USEnglish) / sizeof(xinput_UsbStringTable_USEnglish[0])                    
             -        // numberOfStrings
C51 COMPILER V9.60.0.0   XINPUT_LEGACY_DESC                                                04/04/2023 23:29:27 PAGE 3   

 103          };


MODULE INFORMATION:   STATIC OVERLAYABLE
   CODE SIZE        =   ----    ----
   CONSTANT SIZE    =    129    ----
   XDATA SIZE       =   ----    ----
   PDATA SIZE       =   ----    ----
   DATA SIZE        =   ----    ----
   IDATA SIZE       =   ----    ----
   BIT SIZE         =   ----    ----
   EDATA SIZE       =   ----    ----
   HDATA SIZE       =   ----    ----
   XDATA CONST SIZE =   ----    ----
   FAR CONST SIZE   =   ----    ----
END OF MODULE INFORMATION.


C51 COMPILATION COMPLETE.  1 WARNING(S),  0 ERROR(S)
