C51 COMPILER V9.60.0.0   XINPUT_LEGACY                                                     04/04/2023 23:29:27 PAGE 1   


C51 COMPILER V9.60.0.0, COMPILATION OF MODULE XINPUT_LEGACY
OBJECT MODULE PLACED IN .\src\xinput_legacy.OBJ
COMPILER INVOKED BY: C:\SiliconLabs\SimplicityStudio\v5\developer\toolchains\keil_8051\9.60\BIN\C51.exe C:\Users\Mitch\S
                    -implicityStudio\v5_workspace\HOJA-USB-EFM8UB1\src\xinput_legacy.c OMF2 LARGE ROM(LARGE) WARNINGLEVEL(2) FLOATFUZZY(3) OP
                    -TIMIZE(9,SIZE) DEFINE(NDEBUG=1) INTVECTOR(0X0000) INTPROMOTE INCDIR(C:\Users\Mitch\SimplicityStudio\v5_workspace\HOJA-US
                    -B-EFM8UB1\inc;C:\Users\Mitch\SimplicityStudio\v5_workspace\HOJA-USB-EFM8UB1\inc\config;C:/SiliconLabs/SimplicityStudio/v
                    -5/developer/sdks/8051/v4.2.4//Lib/efm8_assert;C:/SiliconLabs/SimplicityStudio/v5/developer/sdks/8051/v4.2.4//Lib/efm8_us
                    -b/inc;C:/SiliconLabs/SimplicityStudio/v5/developer/sdks/8051/v4.2.4//Device/EFM8UB1/peripheral_driver/inc;C:/SiliconLabs
                    -/SimplicityStudio/v5/developer/sdks/8051/v4.2.4//Lib/efm8_usbc/lib_kernel/inc;C:/SiliconLabs/SimplicityStudio/v5/develop
                    -er/sdks/8051/v4.2.4//Lib/efm8_usbc/lib_usbc_pd/inc;C:/SiliconLabs/SimplicityStudio/v5/developer/sdks/8051/v4.2.4//Device
                    -/shared/si8051Base;C:/SiliconLabs/SimplicityStudio/v5/developer/sdks/8051/v4.2.4//Device/EFM8UB1/inc) REGFILE(HOJA-USB-E
                    -FM8UB1.ORC) PRINT(.\src\xinput_legacy.lst) COND PAGEWIDTH(120) PAGELENGTH(65) OA OBJECT(.\src\xinput_legacy.OBJ)

line level    source

   1          #include "xinput_legacy.h"
*** WARNING C318 IN LINE 11 OF C:/SiliconLabs/SimplicityStudio/v5/developer/sdks/8051/v4.2.4//Device/EFM8UB1/peripheral_
             -driver/inc\smb_0.h: can't open file 'efm8_config.h'
   2          
   3          xinput_input_s xinput_reportBuffer;
   4          
   5          short xinput_sign_value(int input)
   6          {
   7   1          int start = (int) input - 127;
   8   1          if ((start * 256) > 32765)
   9   1          {
  10   2              start = 32765;
  11   2          }
  12   1          else if ((start * 256) < -32765)
  13   1          {
  14   2              start = -32765;
  15   2          }
  16   1          else
  17   1          {
  18   2              start *= 256;
  19   2          }
  20   1          return (short) start;
  21   1      }
  22          
  23          void xinputUpdateReport()
  24          {
  25   1        if (sendReport)
  26   1        {
  27   2      
  28   2          xinput_reportBuffer.report_id = 0x00;
  29   2          xinput_reportBuffer.report_size = XI_INPUT_SIZE;
  30   2      
  31   2          // Set all the right bits
  32   2          xinput_reportBuffer.buttons_2.button_b    = i2c_input_buffer.buttons_1.button_right;
  33   2          xinput_reportBuffer.buttons_2.button_a    = i2c_input_buffer.buttons_1.button_down;
  34   2          xinput_reportBuffer.buttons_2.button_y    = i2c_input_buffer.buttons_1.button_up;
  35   2          xinput_reportBuffer.buttons_2.button_x    = i2c_input_buffer.buttons_1.button_left;
  36   2      
  37   2          xinput_reportBuffer.buttons_2.bumper_l   = i2c_input_buffer.buttons_2.trigger_l;
  38   2          xinput_reportBuffer.buttons_2.bumper_r   = i2c_input_buffer.buttons_2.trigger_r;
  39   2      
  40   2          if (i2c_input_buffer.buttons_2.trigger_zl)
  41   2          {
  42   3              xinput_reportBuffer.analog_trigger_l = (255);
  43   3          }
  44   2          else
  45   2          {
C51 COMPILER V9.60.0.0   XINPUT_LEGACY                                                     04/04/2023 23:29:27 PAGE 2   

  46   3              xinput_reportBuffer.analog_trigger_l = (i2c_input_buffer.lt_a);
  47   3          }
  48   2      
  49   2          if (i2c_input_buffer.buttons_2.trigger_zr)
  50   2          {
  51   3              xinput_reportBuffer.analog_trigger_r = (255);
  52   3          }
  53   2          else
  54   2          {
  55   3              xinput_reportBuffer.analog_trigger_r = (i2c_input_buffer.rt_a);
  56   3          }
  57   2      
  58   2          xinput_reportBuffer.buttons_1.button_menu     = i2c_input_buffer.buttons_2.button_start;
  59   2          xinput_reportBuffer.buttons_1.button_back     = i2c_input_buffer.buttons_2.button_select;
  60   2      
  61   2          xinput_reportBuffer.buttons_1.button_stick_left   = i2c_input_buffer.buttons_2.button_stick_left;
  62   2          xinput_reportBuffer.buttons_1.button_stick_right  = i2c_input_buffer.buttons_2.button_stick_right;
  63   2      
  64   2          xinput_reportBuffer.stick_left_x    = xinput_sign_value((int) i2c_input_buffer.ls_x);
  65   2          xinput_reportBuffer.stick_left_y    = xinput_sign_value((int) i2c_input_buffer.ls_y);
  66   2          xinput_reportBuffer.stick_right_x   = xinput_sign_value((int) i2c_input_buffer.rs_x);
  67   2          xinput_reportBuffer.stick_right_y   = xinput_sign_value((int) i2c_input_buffer.rs_y);
  68   2      
  69   2          xinput_reportBuffer.buttons_1.dpad_up     = i2c_input_buffer.buttons_1.dpad_up;
  70   2          xinput_reportBuffer.buttons_1.dpad_down   = i2c_input_buffer.buttons_1.dpad_down;
  71   2          xinput_reportBuffer.buttons_1.dpad_right  = i2c_input_buffer.buttons_1.dpad_right;
  72   2          xinput_reportBuffer.buttons_1.dpad_left   = i2c_input_buffer.buttons_1.dpad_left;
  73   2      
  74   2            sendReport = false;
  75   2            USBD_Write(EP1IN,
  76   2               (uint8_t *) &xinput_reportBuffer,
  77   2               XI_INPUT_SIZE,
  78   2               true);
  79   2        }
  80   1      
  81   1      }


MODULE INFORMATION:   STATIC OVERLAYABLE
   CODE SIZE        =    424    ----
   CONSTANT SIZE    =     29    ----
   XDATA SIZE       =     20    ----
   PDATA SIZE       =   ----    ----
   DATA SIZE        =   ----    ----
   IDATA SIZE       =   ----    ----
   BIT SIZE         =   ----    ----
   EDATA SIZE       =   ----    ----
   HDATA SIZE       =   ----    ----
   XDATA CONST SIZE =   ----    ----
   FAR CONST SIZE   =   ----    ----
END OF MODULE INFORMATION.


C51 COMPILATION COMPLETE.  1 WARNING(S),  0 ERROR(S)
