C51 COMPILER V9.60.0.0   CALLBACK                                                          09/15/2022 21:04:21 PAGE 1   


C51 COMPILER V9.60.0.0, COMPILATION OF MODULE CALLBACK
OBJECT MODULE PLACED IN .\src\callback.OBJ
COMPILER INVOKED BY: C:\SiliconLabs\SimplicityStudio\v5\developer\toolchains\keil_8051\9.60\BIN\C51.exe C:\Users\Mitch\S
                    -implicityStudio\v5_workspace\HOJA-USB-EFM8UB1\src\callback.c OMF2 SMALL DEBUG OBJECTEXTEND ROM(LARGE) WARNINGLEVEL(2) FL
                    -OATFUZZY(3) OPTIMIZE(9,SPEED) DEFINE(NDEBUG=1) INTVECTOR(0X0000) INTPROMOTE INCDIR(C:\Users\Mitch\SimplicityStudio\v5_wo
                    -rkspace\HOJA-USB-EFM8UB1\inc;C:\Users\Mitch\SimplicityStudio\v5_workspace\HOJA-USB-EFM8UB1\inc\config;C:/SiliconLabs/Sim
                    -plicityStudio/v5/developer/sdks/8051/v4.2.3//Lib/efm8_assert;C:/SiliconLabs/SimplicityStudio/v5/developer/sdks/8051/v4.2
                    -.3//Lib/efm8_usb/inc;C:/SiliconLabs/SimplicityStudio/v5/developer/sdks/8051/v4.2.3//Device/EFM8UB1/peripheral_driver/inc
                    -;C:/SiliconLabs/SimplicityStudio/v5/developer/sdks/8051/v4.2.3//Lib/efm8_usbc/lib_kernel/inc;C:/SiliconLabs/SimplicitySt
                    -udio/v5/developer/sdks/8051/v4.2.3//Lib/efm8_usbc/lib_usbc_pd/inc;C:/SiliconLabs/SimplicityStudio/v5/developer/sdks/8051
                    -/v4.2.3//Device/shared/si8051Base;C:/SiliconLabs/SimplicityStudio/v5/developer/sdks/8051/v4.2.3//Device/EFM8UB1/inc) REG
                    -FILE(HOJA-USB-EFM8UB1.ORC) PRINT(.\src\callback.lst) COND PAGEWIDTH(120) PAGELENGTH(65) OA OBJECT(.\src\callback.OBJ)

line level    source

   1          /*******************************************************************************
   2           * @file callback.c
   3           * @brief USB Callbacks.
   4           *******************************************************************************/
   5          
   6          //=============================================================================
   7          // src/callback.c: generated by Hardware Configurator
   8          //
   9          // This file is only generated if it does not exist. Modifications in this file
  10          // will persist even if Configurator generates code. To refresh this file,
  11          // you must first delete it and then regenerate code.
  12          //=============================================================================
  13          //-----------------------------------------------------------------------------
  14          // Includes
  15          //-----------------------------------------------------------------------------
  16          #include <SI_EFM8UB1_Register_Enums.h>
  17          #include <efm8_usb.h>
  18          #include "smb_0.h"
*** WARNING C318 IN LINE 11 OF C:/SiliconLabs/SimplicityStudio/v5/developer/sdks/8051/v4.2.3//Device/EFM8UB1/peripheral_
             -driver/inc\smb_0.h: can't open file 'efm8_config.h'
  19          #include "descriptors.h"
  20          
  21          #include "gamepad.h"
  22          
  23          //-----------------------------------------------------------------------------
  24          // Constants
  25          //-----------------------------------------------------------------------------
  26          
  27          //-----------------------------------------------------------------------------
  28          // Variables
  29          //-----------------------------------------------------------------------------
  30          
  31          //-----------------------------------------------------------------------------
  32          // Functions
  33          //-----------------------------------------------------------------------------
  34          
  35          void
  36          USBD_EnterHandler (void)
  37          {
  38   1      
  39   1      }
  40          
  41          void
  42          USBD_ExitHandler (void)
  43          {
  44   1      
  45   1      }
C51 COMPILER V9.60.0.0   CALLBACK                                                          09/15/2022 21:04:21 PAGE 2   

  46          
  47          void
  48          USBD_ResetCb (void)
  49          {
  50   1      
  51   1      }
  52          
  53          
  54          void
  55          USBD_SofCb (uint16_t sofNr)
  56          {
  57   1        switch(gamepadUsbMode)
  58   1            {
  59   2              default:
  60   2              case (GAMEPAD_MODE_NSWITCH):
  61   2                ns_SofCb(sofNr);
  62   2                break;
  63   2              case (GAMEPAD_MODE_XINPUT):
  64   2                // not implemented yet
  65   2                break;
  66   2            }
  67   1      }
  68          
  69          void
  70          USBD_DeviceStateChangeCb (USBD_State_TypeDef oldState,
  71                                    USBD_State_TypeDef newState)
  72          {
  73   1        if (newState == USBD_STATE_CONFIGURED)
  74   1        {
  75   2          idleSetDuration(DEFAULT_IDLE_RATE_MS / 4);
  76   2        }
  77   1      }
*** WARNING C280 IN LINE 70 OF C:\Users\Mitch\SimplicityStudio\v5_workspace\HOJA-USB-EFM8UB1\src\callback.c: 'oldState':
             - unreferenced local variable
  78          
  79          bool
  80          USBD_IsSelfPoweredCb (void)
  81          {
  82   1      
  83   1        return false;
  84   1      }
  85          
  86          
  87          
  88          volatile uint8_t count = 0;
  89          
  90          USB_Status_TypeDef
  91          USBD_SetupCmdCb (SI_VARIABLE_SEGMENT_POINTER
  92          (setup, USB_Setup_TypeDef, MEM_MODEL_SEG))
  93   1      {
  94   1        USB_Status_TypeDef retVal = USB_STATUS_REQ_UNHANDLED;
  95   1      
  96   1        switch(gamepadUsbMode)
  97   2          {
  98   2            default:
  99   2            case (GAMEPAD_MODE_NSWITCH):
 100   2              retVal = ns_SetupCmdCb(setup);
 101   2              break;
 102   2            case (GAMEPAD_MODE_XINPUT):
 103   2              //return xi_XferCompleteCB(epAddr, status, xferred, remaining);
 104   2              // not implemented yet
 105   2              break;
 106   1          }
C51 COMPILER V9.60.0.0   CALLBACK                                                          09/15/2022 21:04:21 PAGE 3   

 107   1      
 108   1        return retVal;
 109          }
 110          
 111          bool
 112          USBD_RemoteWakeupCb (void)
 113   1      {
 114   1        // Return true if a remote wakeup event was the cause of the device
 115   1        // exiting suspend mode.
 116   1        // Otherwise return false
 117   1        return false;
 118          }
 119          
 120          void
 121          USBD_RemoteWakeupDelay (void)
 122   1      {
 123   1        // Delay 10 - 15 ms here
 124   1      
 125          }
 126          
 127          uint16_t
 128          USBD_XferCompleteCb (uint8_t epAddr, USB_Status_TypeDef status,
 129                               uint16_t xferred, uint16_t remaining)
 130   1      {
 131   1      
 132   1        switch(gamepadUsbMode)
 133   2        {
 134   2          default:
 135   2          case (GAMEPAD_MODE_NSWITCH):
 136   2            return ns_XferCompleteCB(epAddr, status, xferred, remaining);
 137   2          case (GAMEPAD_MODE_XINPUT):
 138   2            return xi_XferCompleteCB(epAddr, status, xferred, remaining);
 139   1        }
 140   1      
 141   1        return 0;
 142          }
 143          uint8_t ok_hold = 0;
 144          
 145          //SMBus Callback Functions
 146          void
 147          SMB0_transferCompleteCb()
 148   1      {
 149   1        ok_hold = 1;
 150          }
 151          
 152          void
 153          SMB0_errorCb(SMB0_TransferError_t error)
 154   1      {
 155   1      
*** WARNING C280 IN LINE 152 OF C:\Users\Mitch\SimplicityStudio\v5_workspace\HOJA-USB-EFM8UB1\src\callback.c: 'error': u
             -nreferenced local variable
 156          }
 157          
 158          
 159          
 160          void
 161          SMB0_commandReceivedCb()
 162   1      {
 163   1        ok_hold = 1;
 164   1      
 165          }
 166          
*** WARNING C294 IN LINE 140 OF C:\Users\Mitch\SimplicityStudio\v5_workspace\HOJA-USB-EFM8UB1\src\callback.c: unreachabl
C51 COMPILER V9.60.0.0   CALLBACK                                                          09/15/2022 21:04:21 PAGE 4   

             -e code


MODULE INFORMATION:   STATIC OVERLAYABLE
   CODE SIZE        =    124    ----
   CONSTANT SIZE    =     29    ----
   XDATA SIZE       =   ----    ----
   PDATA SIZE       =   ----    ----
   DATA SIZE        =      2       8
   IDATA SIZE       =   ----    ----
   BIT SIZE         =   ----    ----
   EDATA SIZE       =   ----    ----
   HDATA SIZE       =   ----    ----
   XDATA CONST SIZE =   ----    ----
   FAR CONST SIZE   =   ----    ----
END OF MODULE INFORMATION.


C51 COMPILATION COMPLETE.  4 WARNING(S),  0 ERROR(S)
