C51 COMPILER V9.60.0.0   EFM8UB10F16G_B_QFN28_MAIN                                         09/15/2022 21:04:20 PAGE 1   


C51 COMPILER V9.60.0.0, COMPILATION OF MODULE EFM8UB10F16G_B_QFN28_MAIN
OBJECT MODULE PLACED IN .\src\EFM8UB10F16G-B-QFN28_main.OBJ
COMPILER INVOKED BY: C:\SiliconLabs\SimplicityStudio\v5\developer\toolchains\keil_8051\9.60\BIN\C51.exe C:\Users\Mitch\S
                    -implicityStudio\v5_workspace\HOJA-USB-EFM8UB1\src\EFM8UB10F16G-B-QFN28_main.c OMF2 SMALL DEBUG OBJECTEXTEND ROM(LARGE) W
                    -ARNINGLEVEL(2) FLOATFUZZY(3) OPTIMIZE(9,SPEED) DEFINE(NDEBUG=1) INTVECTOR(0X0000) INTPROMOTE INCDIR(C:\Users\Mitch\Simpl
                    -icityStudio\v5_workspace\HOJA-USB-EFM8UB1\inc;C:\Users\Mitch\SimplicityStudio\v5_workspace\HOJA-USB-EFM8UB1\inc\config;C
                    -:/SiliconLabs/SimplicityStudio/v5/developer/sdks/8051/v4.2.3//Lib/efm8_assert;C:/SiliconLabs/SimplicityStudio/v5/develop
                    -er/sdks/8051/v4.2.3//Lib/efm8_usb/inc;C:/SiliconLabs/SimplicityStudio/v5/developer/sdks/8051/v4.2.3//Device/EFM8UB1/peri
                    -pheral_driver/inc;C:/SiliconLabs/SimplicityStudio/v5/developer/sdks/8051/v4.2.3//Lib/efm8_usbc/lib_kernel/inc;C:/Silicon
                    -Labs/SimplicityStudio/v5/developer/sdks/8051/v4.2.3//Lib/efm8_usbc/lib_usbc_pd/inc;C:/SiliconLabs/SimplicityStudio/v5/de
                    -veloper/sdks/8051/v4.2.3//Device/shared/si8051Base;C:/SiliconLabs/SimplicityStudio/v5/developer/sdks/8051/v4.2.3//Device
                    -/EFM8UB1/inc) REGFILE(HOJA-USB-EFM8UB1.ORC) PRINT(.\src\EFM8UB10F16G-B-QFN28_main.lst) COND PAGEWIDTH(120) PAGELENGTH(65
                    -) OA OBJECT(.\src\EFM8UB10F16G-B-QFN28_main.OBJ)

line level    source

   1          //=========================================================
   2          // src/EFM8UB10F16G-B-QFN28_main.c: generated by Hardware Configurator
   3          //
   4          // This file will be updated when saving a document.
   5          // leave the sections inside the "$[...]" comment tags alone
   6          // or they will be overwritten!!
   7          //=========================================================
   8          
   9          //-----------------------------------------------------------------------------
  10          // Includes
  11          //-----------------------------------------------------------------------------
  12          #include <SI_EFM8UB1_Register_Enums.h>                  // SFR declarations
  13          #include "InitDevice.h"
  14          #include "i2cbridge.h"
  15          // $[Generated Includes]
  16          #include "efm8_usb.h"
  17          // [Generated Includes]$
  18          
  19          
  20          #include "gamepad.h"
*** WARNING C318 IN LINE 11 OF C:/SiliconLabs/SimplicityStudio/v5/developer/sdks/8051/v4.2.3//Device/EFM8UB1/peripheral_
             -driver/inc\smb_0.h: can't open file 'efm8_config.h'
  21          
  22          //-----------------------------------------------------------------------------
  23          // SiLabs_Startup() Routine
  24          // ----------------------------------------------------------------------------
  25          // This function is called immediately after reset, before the initialization
  26          // code is run in SILABS_STARTUP.A51 (which runs before main() ). This is a
  27          // useful place to disable the watchdog timer, which is enable by default
  28          // and may trigger before main() in some instances.
  29          //-----------------------------------------------------------------------------
  30          void
  31          SiLabs_Startup (void)
  32          {
  33   1        // $[SiLabs Startup]
  34   1        // [SiLabs Startup]$
  35   1      }
  36          
  37          //-----------------------------------------------------------------------------
  38          // main() Routine
  39          // ----------------------------------------------------------------------------
  40          int
  41          main (void)
  42          {
  43   1      
  44   1        // Call hardware initialization routine
C51 COMPILER V9.60.0.0   EFM8UB10F16G_B_QFN28_MAIN                                         09/15/2022 21:04:20 PAGE 2   

  45   1        enter_DefaultMode_from_RESET ();
  46   1      
  47   1        OUT1 = 0;
  48   1      
  49   1        while (1)
  50   1          {
  51   2      // $[Generated Run-time code]
  52   2      // [Generated Run-time code]$
  53   2      
  54   2            IE_EA = 0;
  55   2            SFRPAGE = I2CSLAVE0_PAGE;
  56   2            I2C0CN0 &= ~I2C0CN0_BUSY__BMASK;    // Clear BUSY bit
  57   2            I2C0CN0 |= I2C0FCN0_RFLSH__FLUSH | I2C0FCN0_TFLSH__FLUSH;
  58   2            IE_EA = 1;
  59   2      
  60   2              while (!rx_complete);             // New I2C data received?
  61   2              LED1 = !LED1;
  62   2              gamepadCmd();
  63   2              rx_complete = false;
  64   2          }
  65   1      }


MODULE INFORMATION:   STATIC OVERLAYABLE
   CODE SIZE        =     35    ----
   CONSTANT SIZE    =     29    ----
   XDATA SIZE       =   ----    ----
   PDATA SIZE       =   ----    ----
   DATA SIZE        =   ----    ----
   IDATA SIZE       =   ----    ----
   BIT SIZE         =   ----    ----
   EDATA SIZE       =   ----    ----
   HDATA SIZE       =   ----    ----
   XDATA CONST SIZE =   ----    ----
   FAR CONST SIZE   =   ----    ----
END OF MODULE INFORMATION.


C51 COMPILATION COMPLETE.  1 WARNING(S),  0 ERROR(S)
