C51 COMPILER V9.60.0.0   GAMEPAD                                                           09/15/2022 21:04:21 PAGE 1   


C51 COMPILER V9.60.0.0, COMPILATION OF MODULE GAMEPAD
OBJECT MODULE PLACED IN .\src\gamepad.OBJ
COMPILER INVOKED BY: C:\SiliconLabs\SimplicityStudio\v5\developer\toolchains\keil_8051\9.60\BIN\C51.exe C:\Users\Mitch\S
                    -implicityStudio\v5_workspace\HOJA-USB-EFM8UB1\src\gamepad.c OMF2 SMALL DEBUG OBJECTEXTEND ROM(LARGE) WARNINGLEVEL(2) FLO
                    -ATFUZZY(3) OPTIMIZE(9,SPEED) DEFINE(NDEBUG=1) INTVECTOR(0X0000) INTPROMOTE INCDIR(C:\Users\Mitch\SimplicityStudio\v5_wor
                    -kspace\HOJA-USB-EFM8UB1\inc;C:\Users\Mitch\SimplicityStudio\v5_workspace\HOJA-USB-EFM8UB1\inc\config;C:/SiliconLabs/Simp
                    -licityStudio/v5/developer/sdks/8051/v4.2.3//Lib/efm8_assert;C:/SiliconLabs/SimplicityStudio/v5/developer/sdks/8051/v4.2.
                    -3//Lib/efm8_usb/inc;C:/SiliconLabs/SimplicityStudio/v5/developer/sdks/8051/v4.2.3//Device/EFM8UB1/peripheral_driver/inc;
                    -C:/SiliconLabs/SimplicityStudio/v5/developer/sdks/8051/v4.2.3//Lib/efm8_usbc/lib_kernel/inc;C:/SiliconLabs/SimplicityStu
                    -dio/v5/developer/sdks/8051/v4.2.3//Lib/efm8_usbc/lib_usbc_pd/inc;C:/SiliconLabs/SimplicityStudio/v5/developer/sdks/8051/
                    -v4.2.3//Device/shared/si8051Base;C:/SiliconLabs/SimplicityStudio/v5/developer/sdks/8051/v4.2.3//Device/EFM8UB1/inc) REGF
                    -ILE(HOJA-USB-EFM8UB1.ORC) PRINT(.\src\gamepad.lst) COND PAGEWIDTH(120) PAGELENGTH(65) OA OBJECT(.\src\gamepad.OBJ)

line level    source

   1          /*
   2           * gamepad.c
   3           *
   4           *  Created on: Sep 12, 2022
   5           *      Author: Mitch
   6           */
   7          
   8          #include "gamepad.h"
*** WARNING C318 IN LINE 11 OF C:/SiliconLabs/SimplicityStudio/v5/developer/sdks/8051/v4.2.3//Device/EFM8UB1/peripheral_
             -driver/inc\smb_0.h: can't open file 'efm8_config.h'
   9          #include "descriptors.h"
  10          
  11          Gamepad_USB_Mode_TypeDef gamepadUsbMode = GAMEPAD_MODE_NSWITCH;
  12          
  13          void gamepadCmd()
  14          {
  15   1        switch (rx_buffer[I2CB_COMMAND_IDX])
  16   1        {
  17   2          default:
  18   2          case I2CB_CMD_CHECKREADY:
  19   2            gamepadCheckReady(rx_buffer[I2CB_DATA_IDX]);
  20   2            break;
  21   2          case I2CB_CMD_SYSTEMSET:
  22   2            gamepadSysSet((Gamepad_System_Set_TypeDef) rx_buffer[I2CB_DATA_IDX]);
  23   2            break;
  24   2          case I2CB_CMD_INPUT:
  25   2            gamepadInput();
  26   2            break;
  27   2          case I2CB_CMD_USBCHANGE:
  28   2            gamepadUsbChange((Gamepad_USB_Mode_TypeDef) rx_buffer[I2CB_DATA_IDX]);
  29   2            break;
  30   2        }
  31   1      }
  32          
  33          void gamepadCheckReady(uint8_t extraByte)
  34          {
  35   1      
  36   1      }
*** WARNING C280 IN LINE 33 OF C:\Users\Mitch\SimplicityStudio\v5_workspace\HOJA-USB-EFM8UB1\src\gamepad.c: 'extraByte':
             - unreferenced local variable
  37          
  38          
  39          void gamepadSysSet(Gamepad_System_Set_TypeDef setting)
  40          {
  41   1        I2C_Response_Messsage_TypeDef ret = I2CB_OK;
  42   1        uint8_t usbret = USB_STATUS_OK;
  43   1      
C51 COMPILER V9.60.0.0   GAMEPAD                                                           09/15/2022 21:04:21 PAGE 2   

  44   1        switch (setting)
  45   1        {
  46   2          default:
  47   2          case SYSTEM_SET_STARTUSB:
  48   2            if (gamepadUsbMode == GAMEPAD_MODE_NSWITCH)
  49   2            {
  50   3                usbret = USBD_Init (&ns_initstruct);
  51   3                if (usbret != USB_STATUS_OK)
  52   3                {
  53   4                  ret = I2CB_FAIL;
  54   4                }
  55   3                else if (usbret == USB_STATUS_OK)
  56   3                {
  57   4                  OUT1 = 1;
  58   4                }
  59   3            }
  60   2            break;
  61   2          case SYSTEM_SET_STOPUSB:
  62   2            {
  63   3                USBD_Stop();
  64   3            }
  65   2            break;
  66   2        }
  67   1      
  68   1        tx_buffer[I2CB_COMMAND_IDX] = rx_buffer[I2CB_COMMAND_IDX];
  69   1        tx_buffer[I2CB_DATA_IDX] = ret;
  70   1        tx_idx = 0;
  71   1        tx_remaining = 2;
  72   1      }
  73          
  74          void gamepadInput()
  75          {
  76   1        memcpy(&i2c_input_buffer, &rx_buffer[1], I2C_INPUT_SIZE);
  77   1      
  78   1        switch (gamepadUsbMode)
  79   1        {
  80   2          default:
  81   2          case GAMEPAD_MODE_NSWITCH:
  82   2            updateNSReport();
  83   2            break;
  84   2          case GAMEPAD_MODE_XINPUT:
  85   2            break;
  86   2        }
  87   1      }
  88          
  89          void gamepadUsbChange(Gamepad_USB_Mode_TypeDef mode)
  90          {
  91   1      
  92   1      }
*** WARNING C280 IN LINE 89 OF C:\Users\Mitch\SimplicityStudio\v5_workspace\HOJA-USB-EFM8UB1\src\gamepad.c: 'mode': unre
             -ferenced local variable


MODULE INFORMATION:   STATIC OVERLAYABLE
   CODE SIZE        =    157    ----
   CONSTANT SIZE    =     29    ----
   XDATA SIZE       =   ----    ----
   PDATA SIZE       =   ----    ----
   DATA SIZE        =      1       3
   IDATA SIZE       =   ----    ----
   BIT SIZE         =   ----    ----
   EDATA SIZE       =   ----    ----
   HDATA SIZE       =   ----    ----
C51 COMPILER V9.60.0.0   GAMEPAD                                                           09/15/2022 21:04:21 PAGE 3   

   XDATA CONST SIZE =   ----    ----
   FAR CONST SIZE   =   ----    ----
END OF MODULE INFORMATION.


C51 COMPILATION COMPLETE.  3 WARNING(S),  0 ERROR(S)
