C51 COMPILER V9.60.0.0   XI_CALLBACK                                                       09/15/2022 21:04:23 PAGE 1   


C51 COMPILER V9.60.0.0, COMPILATION OF MODULE XI_CALLBACK
OBJECT MODULE PLACED IN .\src\xi_callback.OBJ
COMPILER INVOKED BY: C:\SiliconLabs\SimplicityStudio\v5\developer\toolchains\keil_8051\9.60\BIN\C51.exe C:\Users\Mitch\S
                    -implicityStudio\v5_workspace\HOJA-USB-EFM8UB1\src\xi_callback.c OMF2 SMALL DEBUG OBJECTEXTEND ROM(LARGE) WARNINGLEVEL(2)
                    - FLOATFUZZY(3) OPTIMIZE(9,SPEED) DEFINE(NDEBUG=1) INTVECTOR(0X0000) INTPROMOTE INCDIR(C:\Users\Mitch\SimplicityStudio\v5
                    -_workspace\HOJA-USB-EFM8UB1\inc;C:\Users\Mitch\SimplicityStudio\v5_workspace\HOJA-USB-EFM8UB1\inc\config;C:/SiliconLabs/
                    -SimplicityStudio/v5/developer/sdks/8051/v4.2.3//Lib/efm8_assert;C:/SiliconLabs/SimplicityStudio/v5/developer/sdks/8051/v
                    -4.2.3//Lib/efm8_usb/inc;C:/SiliconLabs/SimplicityStudio/v5/developer/sdks/8051/v4.2.3//Device/EFM8UB1/peripheral_driver/
                    -inc;C:/SiliconLabs/SimplicityStudio/v5/developer/sdks/8051/v4.2.3//Lib/efm8_usbc/lib_kernel/inc;C:/SiliconLabs/Simplicit
                    -yStudio/v5/developer/sdks/8051/v4.2.3//Lib/efm8_usbc/lib_usbc_pd/inc;C:/SiliconLabs/SimplicityStudio/v5/developer/sdks/8
                    -051/v4.2.3//Device/shared/si8051Base;C:/SiliconLabs/SimplicityStudio/v5/developer/sdks/8051/v4.2.3//Device/EFM8UB1/inc) 
                    -REGFILE(HOJA-USB-EFM8UB1.ORC) PRINT(.\src\xi_callback.lst) COND PAGEWIDTH(120) PAGELENGTH(65) OA OBJECT(.\src\xi_callbac
                    -k.OBJ)

line level    source

   1          /*
   2           * xi_callback.c
   3           *
   4           *  Created on: Sep 12, 2022
   5           *      Author: Mitch
   6           */
   7          
   8          #include "xi_callback.h"
   9          
  10          uint16_t
  11          xi_XferCompleteCB (uint8_t epAddr, USB_Status_TypeDef status,
  12                             uint16_t xferred, uint16_t remaining)
  13          {
  14   1      
  15   1        return 0;
  16   1      }
*** WARNING C280 IN LINE 11 OF C:\Users\Mitch\SimplicityStudio\v5_workspace\HOJA-USB-EFM8UB1\src\xi_callback.c: 'epAddr'
             -: unreferenced local variable
*** WARNING C280 IN LINE 11 OF C:\Users\Mitch\SimplicityStudio\v5_workspace\HOJA-USB-EFM8UB1\src\xi_callback.c: 'status'
             -: unreferenced local variable
*** WARNING C280 IN LINE 12 OF C:\Users\Mitch\SimplicityStudio\v5_workspace\HOJA-USB-EFM8UB1\src\xi_callback.c: 'xferred
             -': unreferenced local variable
*** WARNING C280 IN LINE 12 OF C:\Users\Mitch\SimplicityStudio\v5_workspace\HOJA-USB-EFM8UB1\src\xi_callback.c: 'remaini
             -ng': unreferenced local variable


MODULE INFORMATION:   STATIC OVERLAYABLE
   CODE SIZE        =     12    ----
   CONSTANT SIZE    =   ----    ----
   XDATA SIZE       =   ----    ----
   PDATA SIZE       =   ----    ----
   DATA SIZE        =   ----       6
   IDATA SIZE       =   ----    ----
   BIT SIZE         =   ----    ----
   EDATA SIZE       =   ----    ----
   HDATA SIZE       =   ----    ----
   XDATA CONST SIZE =   ----    ----
   FAR CONST SIZE   =   ----    ----
END OF MODULE INFORMATION.


C51 COMPILATION COMPLETE.  4 WARNING(S),  0 ERROR(S)
