C51 COMPILER V9.60.0.0   XINPUT                                                            09/15/2022 21:04:23 PAGE 1   


C51 COMPILER V9.60.0.0, COMPILATION OF MODULE XINPUT
OBJECT MODULE PLACED IN .\src\xinput.OBJ
COMPILER INVOKED BY: C:\SiliconLabs\SimplicityStudio\v5\developer\toolchains\keil_8051\9.60\BIN\C51.exe C:\Users\Mitch\S
                    -implicityStudio\v5_workspace\HOJA-USB-EFM8UB1\src\xinput.c OMF2 SMALL DEBUG OBJECTEXTEND ROM(LARGE) WARNINGLEVEL(2) FLOA
                    -TFUZZY(3) OPTIMIZE(9,SPEED) DEFINE(NDEBUG=1) INTVECTOR(0X0000) INTPROMOTE INCDIR(C:\Users\Mitch\SimplicityStudio\v5_work
                    -space\HOJA-USB-EFM8UB1\inc;C:\Users\Mitch\SimplicityStudio\v5_workspace\HOJA-USB-EFM8UB1\inc\config;C:/SiliconLabs/Simpl
                    -icityStudio/v5/developer/sdks/8051/v4.2.3//Lib/efm8_assert;C:/SiliconLabs/SimplicityStudio/v5/developer/sdks/8051/v4.2.3
                    -//Lib/efm8_usb/inc;C:/SiliconLabs/SimplicityStudio/v5/developer/sdks/8051/v4.2.3//Device/EFM8UB1/peripheral_driver/inc;C
                    -:/SiliconLabs/SimplicityStudio/v5/developer/sdks/8051/v4.2.3//Lib/efm8_usbc/lib_kernel/inc;C:/SiliconLabs/SimplicityStud
                    -io/v5/developer/sdks/8051/v4.2.3//Lib/efm8_usbc/lib_usbc_pd/inc;C:/SiliconLabs/SimplicityStudio/v5/developer/sdks/8051/v
                    -4.2.3//Device/shared/si8051Base;C:/SiliconLabs/SimplicityStudio/v5/developer/sdks/8051/v4.2.3//Device/EFM8UB1/inc) REGFI
                    -LE(HOJA-USB-EFM8UB1.ORC) PRINT(.\src\xinput.lst) COND PAGEWIDTH(120) PAGELENGTH(65) OA OBJECT(.\src\xinput.OBJ)

line level    source

   1          /*
   2           * xinput.c
   3           *
   4           *  Created on: Sep 10, 2022
   5           *      Author: Mitch
   6           */
   7          
   8          #include "xinput.h"
   9          
  10          uint8_t xi_waitPacket[32] = {0xFF, 0xFF, 0xFF};


MODULE INFORMATION:   STATIC OVERLAYABLE
   CODE SIZE        =   ----    ----
   CONSTANT SIZE    =   ----    ----
   XDATA SIZE       =   ----    ----
   PDATA SIZE       =   ----    ----
   DATA SIZE        =     32    ----
   IDATA SIZE       =   ----    ----
   BIT SIZE         =   ----    ----
   EDATA SIZE       =   ----    ----
   HDATA SIZE       =   ----    ----
   XDATA CONST SIZE =   ----    ----
   FAR CONST SIZE   =   ----    ----
END OF MODULE INFORMATION.


C51 COMPILATION COMPLETE.  0 WARNING(S),  0 ERROR(S)
